21:36:52 **** Build of configuration Debug for project proj08 ****
make all 
Building file: ../ArrayQueueTester.cpp
Invoking: GCC C++ Compiler
g++ -O0 -g3 -Wall -c -fmessage-length=0 -MMD -MP -MF"ArrayQueueTester.d" -MT"ArrayQueueTester.o" -o "ArrayQueueTester.o" "../ArrayQueueTester.cpp"
Finished building: ../ArrayQueueTester.cpp
 
Building file: ../LinkedQueue.cpp
Invoking: GCC C++ Compiler
g++ -O0 -g3 -Wall -c -fmessage-length=0 -MMD -MP -MF"LinkedQueue.d" -MT"LinkedQueue.o" -o "LinkedQueue.o" "../LinkedQueue.cpp"
Finished building: ../LinkedQueue.cpp
 
Building file: ../LinkedQueueTester.cpp
Invoking: GCC C++ Compiler
g++ -O0 -g3 -Wall -c -fmessage-length=0 -MMD -MP -MF"LinkedQueueTester.d" -MT"LinkedQueueTester.o" -o "LinkedQueueTester.o" "../LinkedQueueTester.cpp"
Finished building: ../LinkedQueueTester.cpp
 
Building file: ../Palindrome.cpp
Invoking: GCC C++ Compiler
g++ -O0 -g3 -Wall -c -fmessage-length=0 -MMD -MP -MF"Palindrome.d" -MT"Palindrome.o" -o "Palindrome.o" "../Palindrome.cpp"
Finished building: ../Palindrome.cpp
 
Building file: ../PalindromeTester.cpp
Invoking: GCC C++ Compiler
g++ -O0 -g3 -Wall -c -fmessage-length=0 -MMD -MP -MF"PalindromeTester.d" -MT"PalindromeTester.o" -o "PalindromeTester.o" "../PalindromeTester.cpp"
Finished building: ../PalindromeTester.cpp
 
Building file: ../tester.cpp
Invoking: GCC C++ Compiler
g++ -O0 -g3 -Wall -c -fmessage-length=0 -MMD -MP -MF"tester.d" -MT"tester.o" -o "tester.o" "../tester.cpp"
Finished building: ../tester.cpp
 
Building target: proj08
Invoking: GCC C++ Linker
g++  -o "proj08"  ./ArrayQueueTester.o ./LinkedQueue.o ./LinkedQueueTester.o ./Palindrome.o ./PalindromeTester.o ./tester.o   
Finished building target: proj08
 

21:36:54 Build Finished. 0 errors, 0 warnings. (took 1s.662ms)

